#
# There is insufficient memory for the Java Runtime Environment to continue.
# Native memory allocation (mmap) failed to map 65536 bytes. Error detail: Failed to commit metaspace.
# Possible reasons:
#   The system is out of physical RAM or swap space
#   This process is running with CompressedOops enabled, and the Java Heap may be blocking the growth of the native heap
# Possible solutions:
#   Reduce memory load on the system
#   Increase physical memory or swap space
#   Check if swap backing store is full
#   Decrease Java heap size (-Xmx/-Xms)
#   Decrease number of Java threads
#   Decrease Java thread stack sizes (-Xss)
#   Set larger code cache with -XX:ReservedCodeCacheSize=
#   JVM is running with Unscaled Compressed Oops mode in which the Java heap is
#     placed in the first 4GB address space. The Java Heap base address is the
#     maximum limit for the native heap growth. Please use -XX:HeapBaseMinAddress
#     to set the Java Heap base and to place the Java Heap above 4GB virtual address.
# This output file may be truncated or incomplete.
#
#  Out of Memory Error (virtualSpaceNode.cpp:113), pid=31608, tid=11436
#
# JRE version:  (21.0.9+10) (build )
# Java VM: OpenJDK 64-Bit Server VM (21.0.9+10-LTS, mixed mode, tiered, compressed oops, compressed class ptrs, parallel gc, windows-amd64)
# No core dump will be written. Minidumps are not enabled by default on client versions of Windows
#

---------------  S U M M A R Y ------------

Command Line: --add-modules=ALL-SYSTEM --add-opens=java.base/java.util=ALL-UNNAMED --add-opens=java.base/java.lang=ALL-UNNAMED --add-opens=java.base/sun.nio.fs=ALL-UNNAMED -Declipse.application=org.eclipse.jdt.ls.core.id1 -Dosgi.bundles.defaultStartLevel=4 -Declipse.product=org.eclipse.jdt.ls.core.product -Djava.import.generatesMetadataFilesAtProjectRoot=false -DDetectVMInstallationsJob.disabled=true -Dfile.encoding=utf8 -XX:+UseParallelGC -XX:GCTimeRatio=4 -XX:AdaptiveSizePolicyWeight=90 -Dsun.zip.disableMemoryMapping=true -Xmx2G -Xms100m -Xlog:disable -javaagent:c:\Users\ASUS\.vscode\extensions\redhat.java-1.51.0-win32-x64\lombok\lombok-1.18.39-4050.jar -XX:+HeapDumpOnOutOfMemoryError -XX:HeapDumpPath=c:\Users\ASUS\AppData\Roaming\Code\User\workspaceStorage\166bf113e32e19625b1ac24cdc04515d\redhat.java -Daether.dependencyCollector.impl=bf c:\Users\ASUS\.vscode\extensions\redhat.java-1.51.0-win32-x64\server\plugins\org.eclipse.equinox.launcher_1.7.100.v20251111-0406.jar -configuration c:\Users\ASUS\AppData\Roaming\Code\User\globalStorage\redhat.java\1.51.0\config_win -data c:\Users\ASUS\AppData\Roaming\Code\User\workspaceStorage\166bf113e32e19625b1ac24cdc04515d\redhat.java\jdt_ws --pipe=\\.\pipe\lsp-a61d144aef4fefba90202e23d86fd124-sock

Host: AMD Ryzen 7 4800H with Radeon Graphics         , 16 cores, 15G,  Windows 11 , 64 bit Build 22621 (10.0.22621.5415)
Time: Wed Jan 14 21:49:14 2026 India Standard Time elapsed time: 0.115944 seconds (0d 0h 0m 0s)

---------------  T H R E A D  ---------------

Current thread (0x0000027c321b25f0):  JavaThread "Unknown thread" [_thread_in_vm, id=11436, stack(0x000000ea77d00000,0x000000ea77e00000) (1024K)]

Stack: [0x000000ea77d00000,0x000000ea77e00000]
Native frames: (J=compiled Java code, j=interpreted, Vv=VM code, C=native code)
V  [jvm.dll+0x6d6e29]
V  [jvm.dll+0x8b4b76]
V  [jvm.dll+0x8b712e]
V  [jvm.dll+0x8b7813]
V  [jvm.dll+0x283d86]
V  [jvm.dll+0x8b08be]
V  [jvm.dll+0x678824]
V  [jvm.dll+0x67888a]
V  [jvm.dll+0x67b086]
V  [jvm.dll+0x67af52]
V  [jvm.dll+0x6791fe]
V  [jvm.dll+0x683568]
V  [jvm.dll+0x21937e]
V  [jvm.dll+0x219825]
V  [jvm.dll+0x21a218]
V  [jvm.dll+0x20f44e]
V  [jvm.dll+0x5b5a0f]
V  [jvm.dll+0x2210ce]
V  [jvm.dll+0x82d53d]
V  [jvm.dll+0x82e56b]
V  [jvm.dll+0x82eb34]
V  [jvm.dll+0x82e7c8]
V  [jvm.dll+0x8b2b28]
V  [jvm.dll+0x8b2906]
V  [jvm.dll+0x87c4e7]
V  [jvm.dll+0x87de0d]
V  [jvm.dll+0x3c42a9]
V  [jvm.dll+0x86727b]
V  [jvm.dll+0x457391]
V  [jvm.dll+0x458f81]
C  [jli.dll+0x52d0]
C  [ucrtbase.dll+0x29333]
C  [KERNEL32.DLL+0x1259d]
C  [ntdll.dll+0x5af78]


---------------  P R O C E S S  ---------------

Threads class SMR info:
_java_thread_list=0x0000027c48b3bcf0, length=1, elements={
0x0000027c321b25f0
}

Java Threads: ( => current thread )
=>0x0000027c321b25f0 JavaThread "Unknown thread"             [_thread_in_vm, id=11436, stack(0x000000ea77d00000,0x000000ea77e00000) (1024K)]
Total: 1

Other Threads:
  0x0000027c48b3ca10 WatcherThread "VM Periodic Task Thread"        [id=14668, stack(0x000000ea77f00000,0x000000ea78000000) (1024K)]
  0x0000027c2fd95e80 WorkerThread "GC Thread#0"                     [id=10684, stack(0x000000ea77e00000,0x000000ea77f00000) (1024K)]
Total: 2

Threads with active compile tasks:
Total: 0

VM state: not at safepoint (not fully initialized)

VM Mutex/Monitor currently owned by a thread:  ([mutex/lock_event])
[0x00007ffa6e3db4f0] Metaspace_lock - owner thread: 0x0000027c321b25f0

Heap address: 0x0000000080000000, size: 2048 MB, Compressed Oops mode: 32-bit

CDS archive(s) not mapped
Compressed class space mapped at: 0x0000000100000000-0x0000000140000000, reserved size: 1073741824
Narrow klass base: 0x0000000000000000, Narrow klass shift: 3, Narrow klass range: 0x140000000

GC Precious Log:
 CardTable entry size: 512
 CPUs: 16 total, 16 available
 Memory: 15791M
 Large Page Support: Disabled
 NUMA Support: Disabled
 Compressed Oops: Enabled (32-bit)
 Alignments: Space 512K, Generation 512K, Heap 2M
 Heap Min Capacity: 100M
 Heap Initial Capacity: 100M
 Heap Max Capacity: 2G
 Pre-touch: Disabled
 Parallel Workers: 13

Heap:
 PSYoungGen      total 29696K, used 512K [0x00000000d5580000, 0x00000000d7680000, 0x0000000100000000)
  eden space 25600K, 2% used [0x00000000d5580000,0x00000000d5600070,0x00000000d6e80000)
  from space 4096K, 0% used [0x00000000d7280000,0x00000000d7280000,0x00000000d7680000)
  to   space 4096K, 0% used [0x00000000d6e80000,0x00000000d6e80000,0x00000000d7280000)
 ParOldGen       total 68608K, used 0K [0x0000000080000000, 0x0000000084300000, 0x00000000d5580000)
  object space 68608K, 0% used [0x0000000080000000,0x0000000080000000,0x0000000084300000)
 Metaspace       used 561K, committed 576K, reserved 1114112K
  class space    used 49K, committed 64K, reserved 1048576K

Card table byte_map: [0x0000027c31b80000,0x0000027c31f90000] _byte_map_base: 0x0000027c31780000

Marking Bits: (ParMarkBitMap*) 0x00007ffa6e3e2460
 Begin Bits: [0x0000027c44660000, 0x0000027c46660000)
 End Bits:   [0x0000027c46660000, 0x0000027c48660000)

GC Heap History (0 events):
No events

Dll operation events (2 events):
Event: 0.012 Loaded shared library c:\Users\ASUS\.vscode\extensions\redhat.java-1.51.0-win32-x64\jre\21.0.9-win32-x86_64\bin\java.dll
Event: 0.092 Loaded shared library c:\Users\ASUS\.vscode\extensions\redhat.java-1.51.0-win32-x64\jre\21.0.9-win32-x86_64\bin\zip.dll

Deoptimization events (0 events):
No events

Classes loaded (20 events):
Event: 0.113 Loading class java/lang/reflect/Constructor done
Event: 0.113 Loading class jdk/internal/vm/ContinuationScope
Event: 0.113 Loading class jdk/internal/vm/ContinuationScope done
Event: 0.113 Loading class jdk/internal/vm/Continuation
Event: 0.114 Loading class jdk/internal/vm/Continuation done
Event: 0.114 Loading class jdk/internal/vm/StackChunk
Event: 0.114 Loading class jdk/internal/vm/StackChunk done
Event: 0.114 Loading class jdk/internal/reflect/MagicAccessorImpl
Event: 0.114 Loading class jdk/internal/reflect/MagicAccessorImpl done
Event: 0.114 Loading class jdk/internal/reflect/MethodAccessorImpl
Event: 0.114 Loading class jdk/internal/reflect/MethodAccessor
Event: 0.114 Loading class jdk/internal/reflect/MethodAccessor done
Event: 0.114 Loading class jdk/internal/reflect/MethodAccessorImpl done
Event: 0.114 Loading class jdk/internal/reflect/ConstructorAccessorImpl
Event: 0.115 Loading class jdk/internal/reflect/ConstructorAccessor
Event: 0.115 Loading class jdk/internal/reflect/ConstructorAccessor done
Event: 0.115 Loading class jdk/internal/reflect/ConstructorAccessorImpl done
Event: 0.115 Loading class jdk/internal/reflect/DelegatingClassLoader
Event: 0.115 Loading class jdk/internal/reflect/DelegatingClassLoader done
Event: 0.115 Loading class jdk/internal/reflect/ConstantPool

Classes unloaded (0 events):
No events

Classes redefined (0 events):
No events

Internal exceptions (0 events):
No events

ZGC Phase Switch (0 events):
No events

VM Operations (0 events):
No events

Memory protections (0 events):
No events

Nmethod flushes (0 events):
No events

Events (1 events):
Event: 0.021 Thread 0x0000027c321b25f0 Thread added: 0x0000027c321b25f0


Dynamic libraries:
0x00007ff66a000000 - 0x00007ff66a00e000 	c:\Users\ASUS\.vscode\extensions\redhat.java-1.51.0-win32-x64\jre\21.0.9-win32-x86_64\bin\java.exe
0x00007ffaef1d0000 - 0x00007ffaef3e8000 	C:\WINDOWS\SYSTEM32\ntdll.dll
0x00007ffaed7f0000 - 0x00007ffaed8b4000 	C:\WINDOWS\System32\KERNEL32.DLL
0x00007ffaec6e0000 - 0x00007ffaecab3000 	C:\WINDOWS\System32\KERNELBASE.dll
0x00007ffaec540000 - 0x00007ffaec651000 	C:\WINDOWS\System32\ucrtbase.dll
0x00007ffade6e0000 - 0x00007ffade6f8000 	c:\Users\ASUS\.vscode\extensions\redhat.java-1.51.0-win32-x64\jre\21.0.9-win32-x86_64\bin\jli.dll
0x00007ffad8750000 - 0x00007ffad876e000 	c:\Users\ASUS\.vscode\extensions\redhat.java-1.51.0-win32-x64\jre\21.0.9-win32-x86_64\bin\VCRUNTIME140.dll
0x00007ffaece70000 - 0x00007ffaed022000 	C:\WINDOWS\System32\USER32.dll
0x00007ffaec3a0000 - 0x00007ffaec3c6000 	C:\WINDOWS\System32\win32u.dll
0x00007ffad7ec0000 - 0x00007ffad815c000 	C:\WINDOWS\WinSxS\amd64_microsoft.windows.common-controls_6595b64144ccf1df_6.0.22621.6060_none_2712eda17382d24b\COMCTL32.dll
0x00007ffaef120000 - 0x00007ffaef149000 	C:\WINDOWS\System32\GDI32.dll
0x00007ffaecc00000 - 0x00007ffaecd1b000 	C:\WINDOWS\System32\gdi32full.dll
0x00007ffaee490000 - 0x00007ffaee537000 	C:\WINDOWS\System32\msvcrt.dll
0x00007ffaecdd0000 - 0x00007ffaece6a000 	C:\WINDOWS\System32\msvcp_win.dll
0x00007ffaef150000 - 0x00007ffaef181000 	C:\WINDOWS\System32\IMM32.DLL
0x00007ffae7330000 - 0x00007ffae733c000 	c:\Users\ASUS\.vscode\extensions\redhat.java-1.51.0-win32-x64\jre\21.0.9-win32-x86_64\bin\vcruntime140_1.dll
0x00007ffaaa290000 - 0x00007ffaaa31d000 	c:\Users\ASUS\.vscode\extensions\redhat.java-1.51.0-win32-x64\jre\21.0.9-win32-x86_64\bin\msvcp140.dll
0x00007ffa6d720000 - 0x00007ffa6e4c0000 	c:\Users\ASUS\.vscode\extensions\redhat.java-1.51.0-win32-x64\jre\21.0.9-win32-x86_64\bin\server\jvm.dll
0x00007ffaed8c0000 - 0x00007ffaed971000 	C:\WINDOWS\System32\ADVAPI32.dll
0x00007ffaed9d0000 - 0x00007ffaeda78000 	C:\WINDOWS\System32\sechost.dll
0x00007ffaecd20000 - 0x00007ffaecd48000 	C:\WINDOWS\System32\bcrypt.dll
0x00007ffaeeb40000 - 0x00007ffaeec58000 	C:\WINDOWS\System32\RPCRT4.dll
0x00007ffaed5c0000 - 0x00007ffaed631000 	C:\WINDOWS\System32\WS2_32.dll
0x00007ffaeb780000 - 0x00007ffaeb7cd000 	C:\WINDOWS\SYSTEM32\POWRPROF.dll
0x00007ffae6fa0000 - 0x00007ffae6fd4000 	C:\WINDOWS\SYSTEM32\WINMM.dll
0x00007ffae69a0000 - 0x00007ffae69aa000 	C:\WINDOWS\SYSTEM32\VERSION.dll
0x00007ffaeb740000 - 0x00007ffaeb753000 	C:\WINDOWS\SYSTEM32\UMPDC.dll
0x00007ffaeb300000 - 0x00007ffaeb318000 	C:\WINDOWS\SYSTEM32\kernel.appcore.dll
0x00007ffad87b0000 - 0x00007ffad87ba000 	c:\Users\ASUS\.vscode\extensions\redhat.java-1.51.0-win32-x64\jre\21.0.9-win32-x86_64\bin\jimage.dll
0x00007ffae9b90000 - 0x00007ffae9dc3000 	C:\WINDOWS\SYSTEM32\DBGHELP.DLL
0x00007ffaee540000 - 0x00007ffaee8d1000 	C:\WINDOWS\System32\combase.dll
0x00007ffaee8e0000 - 0x00007ffaee9b8000 	C:\WINDOWS\System32\OLEAUT32.dll
0x00007ffadf250000 - 0x00007ffadf282000 	C:\WINDOWS\SYSTEM32\dbgcore.DLL
0x00007ffaecd50000 - 0x00007ffaecdcb000 	C:\WINDOWS\System32\bcryptPrimitives.dll
0x00007ffad6f90000 - 0x00007ffad6f9f000 	c:\Users\ASUS\.vscode\extensions\redhat.java-1.51.0-win32-x64\jre\21.0.9-win32-x86_64\bin\instrument.dll
0x00007ffad6550000 - 0x00007ffad6570000 	c:\Users\ASUS\.vscode\extensions\redhat.java-1.51.0-win32-x64\jre\21.0.9-win32-x86_64\bin\java.dll
0x00007ffad2ff0000 - 0x00007ffad3008000 	c:\Users\ASUS\.vscode\extensions\redhat.java-1.51.0-win32-x64\jre\21.0.9-win32-x86_64\bin\zip.dll

JVMTI agents:
c:\Users\ASUS\.vscode\extensions\redhat.java-1.51.0-win32-x64\lombok\lombok-1.18.39-4050.jar path:none, loaded, not initialized, instrumentlib options:none

dbghelp: loaded successfully - version: 4.0.5 - missing functions: none
symbol engine: initialized successfully - sym options: 0x614 - pdb path: .;c:\Users\ASUS\.vscode\extensions\redhat.java-1.51.0-win32-x64\jre\21.0.9-win32-x86_64\bin;C:\WINDOWS\SYSTEM32;C:\WINDOWS\WinSxS\amd64_microsoft.windows.common-controls_6595b64144ccf1df_6.0.22621.6060_none_2712eda17382d24b;c:\Users\ASUS\.vscode\extensions\redhat.java-1.51.0-win32-x64\jre\21.0.9-win32-x86_64\bin\server

VM Arguments:
jvm_args: --add-modules=ALL-SYSTEM --add-opens=java.base/java.util=ALL-UNNAMED --add-opens=java.base/java.lang=ALL-UNNAMED --add-opens=java.base/sun.nio.fs=ALL-UNNAMED -Declipse.application=org.eclipse.jdt.ls.core.id1 -Dosgi.bundles.defaultStartLevel=4 -Declipse.product=org.eclipse.jdt.ls.core.product -Djava.import.generatesMetadataFilesAtProjectRoot=false -DDetectVMInstallationsJob.disabled=true -Dfile.encoding=utf8 -XX:+UseParallelGC -XX:GCTimeRatio=4 -XX:AdaptiveSizePolicyWeight=90 -Dsun.zip.disableMemoryMapping=true -Xmx2G -Xms100m -Xlog:disable -javaagent:c:\Users\ASUS\.vscode\extensions\redhat.java-1.51.0-win32-x64\lombok\lombok-1.18.39-4050.jar -XX:+HeapDumpOnOutOfMemoryError -XX:HeapDumpPath=c:\Users\ASUS\AppData\Roaming\Code\User\workspaceStorage\166bf113e32e19625b1ac24cdc04515d\redhat.java -Daether.dependencyCollector.impl=bf 
java_command: c:\Users\ASUS\.vscode\extensions\redhat.java-1.51.0-win32-x64\server\plugins\org.eclipse.equinox.launcher_1.7.100.v20251111-0406.jar -configuration c:\Users\ASUS\AppData\Roaming\Code\User\globalStorage\redhat.java\1.51.0\config_win -data c:\Users\ASUS\AppData\Roaming\Code\User\workspaceStorage\166bf113e32e19625b1ac24cdc04515d\redhat.java\jdt_ws --pipe=\\.\pipe\lsp-a61d144aef4fefba90202e23d86fd124-sock
java_class_path (initial): c:\Users\ASUS\.vscode\extensions\redhat.java-1.51.0-win32-x64\server\plugins\org.eclipse.equinox.launcher_1.7.100.v20251111-0406.jar
Launcher Type: SUN_STANDARD

[Global flags]
    uintx AdaptiveSizePolicyWeight                 = 90                                        {product} {command line}
     intx CICompilerCount                          = 12                                        {product} {ergonomic}
    uintx GCTimeRatio                              = 4                                         {product} {command line}
     bool HeapDumpOnOutOfMemoryError               = true                                   {manageable} {command line}
    ccstr HeapDumpPath                             = c:\Users\ASUS\AppData\Roaming\Code\User\workspaceStorage\166bf113e32e19625b1ac24cdc04515d\redhat.java         {manageable} {command line}
   size_t InitialHeapSize                          = 104857600                                 {product} {command line}
   size_t MaxHeapSize                              = 2147483648                                {product} {command line}
   size_t MaxNewSize                               = 715653120                                 {product} {ergonomic}
   size_t MinHeapDeltaBytes                        = 524288                                    {product} {ergonomic}
   size_t MinHeapSize                              = 104857600                                 {product} {command line}
   size_t NewSize                                  = 34603008                                  {product} {ergonomic}
    uintx NonNMethodCodeHeapSize                   = 7602480                                {pd product} {ergonomic}
    uintx NonProfiledCodeHeapSize                  = 122027880                              {pd product} {ergonomic}
   size_t OldSize                                  = 70254592                                  {product} {ergonomic}
    uintx ProfiledCodeHeapSize                     = 122027880                              {pd product} {ergonomic}
    uintx ReservedCodeCacheSize                    = 251658240                              {pd product} {ergonomic}
     bool SegmentedCodeCache                       = true                                      {product} {ergonomic}
   size_t SoftMaxHeapSize                          = 2147483648                             {manageable} {ergonomic}
     bool UseCompressedOops                        = true                           {product lp64_product} {ergonomic}
     bool UseLargePagesIndividualAllocation        = false                                  {pd product} {ergonomic}
     bool UseParallelGC                            = true                                      {product} {command line}

Logging:
Log output configuration:
 #0: stdout all=off uptime,level,tags foldmultilines=false
 #1: stderr all=off uptime,level,tags foldmultilines=false

Release file:
<release file has not been read>
Environment Variables:
JAVA_HOME=C:\Program Files\Eclipse Adoptium\jdk-17.0.16.8-hotspot
CLASSPATH=.;
PATH=C:\Program Files\Eclipse Adoptium\jdk-17.0.16.8-hotspot\bin;C:\Program Files\Common Files\Oracle\Java\javapath;C:\Program Files\Python312\Scripts\;C:\Program Files\Python312\;C:\WINDOWS\system32;C:\WINDOWS;C:\WINDOWS\System32\Wbem;C:\WINDOWS\System32\WindowsPowerShell\v1.0\;C:\WINDOWS\System32\OpenSSH\;C:\Program Files\Git\cmd;C:\Program Files\MySQL\MySQL Server 8.0\bin;C:\ProgramData\chocolatey\bin;C:\Program Files\nodejs\;C:\Users\ASUS\Documents\ERBuilder\tesseract.exe;C:\Program Files\Tesseract-OCR;C:\ProgramData\chocolatey\lib\maven\apache-maven-3.9.9\bin;C:\Program Files\Apache\Maven\bin;C:\Program Files\Java\jdk1.8.0_211\bin;C:\Program Files\Eclipse Adoptium\jdk-17.0.16.8-hotspot\bin;C:\Program Files\Docker\Docker\resources\bin;C:\Program Files\Go\bin;C:\Users\ASUS\AppData\Local\Programs\Python\Python314\Scripts\;C:\Users\ASUS\AppData\Local\Programs\Python\Python314\;C:\Program Files\Common Files\Oracle\Java\javapath;C:\Program Files\Python312\Scripts\;C:\Program Files\Python312\;C:\WINDOWS\system32;C:\WINDOWS;C:\WINDOWS\System32\Wbem;C:\WINDOWS\System32\WindowsPowerShell\v1.0\;C:\WINDOWS\System32\OpenSSH\;C:\Program Files\Git\cmd;C:\Program Files\MySQL\MySQL Server 8.0\bin;C:\ProgramData\chocolatey\bin;C:\Program Files\nodejs\;C:\Users\ASUS\Documents\ERBuilder\tesseract.exe;C:\Program Files\Tesseract-OCR;;C:\Program Files\Docker\Docker\resources\bin;C:\Users\ASUS\AppData\Local\Programs\Python\Python313\Scripts\;C:\Users\ASUS\AppData\Local\Programs\Python\Python313\;C:\Program Files\MySQL\MySQL Shell 8.0\bin\;C:\Users\ASUS\AppData\Local\Microsoft\WindowsApps;C:\Users\ASUS\AppData\Local\Programs\Microsoft VS Code\bin;C:\Program Files\JetBrains\IntelliJ IDEA 2024.2\bin;C:\Users\ASUS\Downloads\jdk-8u421-windows-i586.exe\bin;C:\Users\ASUS\Downloads\jdk-8u421-windows-x64.exe\bin;C:\Users\ASUS\AppData\Roaming\Python\Python312\Scripts;C:\Users\ASUS\AppData\Roaming\npm;C:\Program;C:\Users\ASUS\go\bin;C:\Users\ASUS\AppData\Local\Python\bin
USERNAME=ASUS
OS=Windows_NT
PROCESSOR_IDENTIFIER=AMD64 Family 23 Model 96 Stepping 1, AuthenticAMD
TMP=C:\Users\ASUS\AppData\Local\Temp
TEMP=C:\Users\ASUS\AppData\Local\Temp




Periodic native trim disabled

---------------  S Y S T E M  ---------------

OS:
 Windows 11 , 64 bit Build 22621 (10.0.22621.5415)
OS uptime: 3 days 2:53 hours
Hyper-V role detected

CPU: total 16 (initial active 16) (16 cores per cpu, 2 threads per core) family 23 model 96 stepping 1 microcode 0x0, cx8, cmov, fxsr, ht, mmx, 3dnowpref, sse, sse2, sse3, ssse3, sse4a, sse4.1, sse4.2, popcnt, lzcnt, tsc, tscinvbit, avx, avx2, aes, clmul, bmi1, bmi2, adx, sha, fma, vzeroupper, clflush, clflushopt, hv, rdtscp, rdpid, f16c
Processor Information for the first 16 processors :
  Max Mhz: 2901, Current Mhz: 2901, Mhz Limit: 2901

Memory: 4k page, system-wide physical 15791M (908M free)
TotalPageFile size 33453M (AvailPageFile size 19M)
current process WorkingSet (physical memory assigned to process): 15M, peak: 15M
current process commit charge ("private bytes"): 181M, peak: 191M

vm_info: OpenJDK 64-Bit Server VM (21.0.9+10-LTS) for windows-amd64 JRE (21.0.9+10-LTS), built on 2025-10-21T00:00:00Z by "admin" with unknown MS VC++:1942

END.
