#
# There is insufficient memory for the Java Runtime Environment to continue.
# Native memory allocation (malloc) failed to allocate 85696 bytes. Error detail: Chunk::new
# Possible reasons:
#   The system is out of physical RAM or swap space
#   This process is running with CompressedOops enabled, and the Java Heap may be blocking the growth of the native heap
# Possible solutions:
#   Reduce memory load on the system
#   Increase physical memory or swap space
#   Check if swap backing store is full
#   Decrease Java heap size (-Xmx/-Xms)
#   Decrease number of Java threads
#   Decrease Java thread stack sizes (-Xss)
#   Set larger code cache with -XX:ReservedCodeCacheSize=
#   JVM is running with Unscaled Compressed Oops mode in which the Java heap is
#     placed in the first 4GB address space. The Java Heap base address is the
#     maximum limit for the native heap growth. Please use -XX:HeapBaseMinAddress
#     to set the Java Heap base and to place the Java Heap above 4GB virtual address.
# This output file may be truncated or incomplete.
#
#  Out of Memory Error (arena.cpp:168), pid=26632, tid=20972
#
# JRE version: OpenJDK Runtime Environment Temurin-21.0.9+10 (21.0.9+10) (build 21.0.9+10-LTS)
# Java VM: OpenJDK 64-Bit Server VM Temurin-21.0.9+10 (21.0.9+10-LTS, mixed mode, sharing, tiered, compressed oops, compressed class ptrs, parallel gc, windows-amd64)
# No core dump will be written. Minidumps are not enabled by default on client versions of Windows
#

---------------  S U M M A R Y ------------

Command Line: --add-modules=ALL-SYSTEM --add-opens=java.base/java.util=ALL-UNNAMED --add-opens=java.base/java.lang=ALL-UNNAMED --add-opens=java.base/sun.nio.fs=ALL-UNNAMED -Declipse.application=org.eclipse.jdt.ls.core.id1 -Dosgi.bundles.defaultStartLevel=4 -Declipse.product=org.eclipse.jdt.ls.core.product -Djava.import.generatesMetadataFilesAtProjectRoot=false -DDetectVMInstallationsJob.disabled=true -Dfile.encoding=utf8 -XX:+UseParallelGC -XX:GCTimeRatio=4 -XX:AdaptiveSizePolicyWeight=90 -Dsun.zip.disableMemoryMapping=true -Xmx2G -Xms100m -Xlog:disable -javaagent:c:\Users\ASUS\.vscode\extensions\redhat.java-1.51.0-win32-x64\lombok\lombok-1.18.39-4050.jar c:\Users\ASUS\.vscode\extensions\redhat.java-1.51.0-win32-x64\server\plugins\org.eclipse.equinox.launcher_1.7.100.v20251111-0406.jar -configuration c:\Users\ASUS\AppData\Roaming\Code\User\globalStorage\redhat.java\1.51.0\config_ss_win -data c:\Users\ASUS\AppData\Roaming\Code\User\workspaceStorage\166bf113e32e19625b1ac24cdc04515d\redhat.java\ss_ws --pipe=\\.\pipe\lsp-8cf6b341d7a6871177d2d49377848576-sock

Host: AMD Ryzen 7 4800H with Radeon Graphics         , 16 cores, 15G,  Windows 11 , 64 bit Build 22621 (10.0.22621.5415)
Time: Wed Jan 14 22:00:37 2026 India Standard Time elapsed time: 0.920891 seconds (0d 0h 0m 0s)

---------------  T H R E A D  ---------------

Current thread (0x000001ed65b46960):  JavaThread "C2 CompilerThread0" daemon [_thread_in_native, id=20972, stack(0x0000009270900000,0x0000009270a00000) (1024K)]


Current CompileTask:
C2:920  759       4       java.util.Collections$UnmodifiableCollection::iterator (9 bytes)

Stack: [0x0000009270900000,0x0000009270a00000]
Native frames: (J=compiled Java code, j=interpreted, Vv=VM code, C=native code)
V  [jvm.dll+0x6d6e29]
V  [jvm.dll+0x8b4b76]
V  [jvm.dll+0x8b712e]
V  [jvm.dll+0x8b7813]
V  [jvm.dll+0x283d86]
V  [jvm.dll+0xc66ed]
V  [jvm.dll+0xc6c31]
V  [jvm.dll+0x2facee]
V  [jvm.dll+0x5fde44]
V  [jvm.dll+0x255557]
V  [jvm.dll+0x24d64b]
V  [jvm.dll+0x24b482]
V  [jvm.dll+0x1cb13e]
V  [jvm.dll+0x25b29d]
V  [jvm.dll+0x25982a]
V  [jvm.dll+0x3f7ea6]
V  [jvm.dll+0x85e9ad]
V  [jvm.dll+0x6d565d]
C  [ucrtbase.dll+0x29333]
C  [KERNEL32.DLL+0x1259d]
C  [ntdll.dll+0x5af78]


---------------  P R O C E S S  ---------------

Threads class SMR info:
_java_thread_list=0x000001ed65ea6c00, length=15, elements={
0x000001ed0ca736e0, 0x000001ed2351e3b0, 0x000001ed65b34ce0, 0x000001ed65b37f90,
0x000001ed65b38ea0, 0x000001ed65b3e0b0, 0x000001ed65b457b0, 0x000001ed65b46960,
0x000001ed65b476f0, 0x000001ed65bd36f0, 0x000001ed65c03ee0, 0x000001ed65d8c240,
0x000001ed65ead010, 0x000001ed67269520, 0x000001ed672e5cd0
}

Java Threads: ( => current thread )
  0x000001ed0ca736e0 JavaThread "main"                              [_thread_in_native, id=228, stack(0x000000926ff00000,0x0000009270000000) (1024K)]
  0x000001ed2351e3b0 JavaThread "Reference Handler"          daemon [_thread_blocked, id=37320, stack(0x0000009270300000,0x0000009270400000) (1024K)]
  0x000001ed65b34ce0 JavaThread "Finalizer"                  daemon [_thread_blocked, id=36656, stack(0x0000009270400000,0x0000009270500000) (1024K)]
  0x000001ed65b37f90 JavaThread "Signal Dispatcher"          daemon [_thread_blocked, id=9852, stack(0x0000009270500000,0x0000009270600000) (1024K)]
  0x000001ed65b38ea0 JavaThread "Attach Listener"            daemon [_thread_blocked, id=36332, stack(0x0000009270600000,0x0000009270700000) (1024K)]
  0x000001ed65b3e0b0 JavaThread "Service Thread"             daemon [_thread_blocked, id=16976, stack(0x0000009270700000,0x0000009270800000) (1024K)]
  0x000001ed65b457b0 JavaThread "Monitor Deflation Thread"   daemon [_thread_blocked, id=35340, stack(0x0000009270800000,0x0000009270900000) (1024K)]
=>0x000001ed65b46960 JavaThread "C2 CompilerThread0"         daemon [_thread_in_native, id=20972, stack(0x0000009270900000,0x0000009270a00000) (1024K)]
  0x000001ed65b476f0 JavaThread "C1 CompilerThread0"         daemon [_thread_blocked, id=5576, stack(0x0000009270a00000,0x0000009270b00000) (1024K)]
  0x000001ed65bd36f0 JavaThread "C1 CompilerThread1"         daemon [_thread_blocked, id=31512, stack(0x0000009270b00000,0x0000009270c00000) (1024K)]
  0x000001ed65c03ee0 JavaThread "C1 CompilerThread2"         daemon [_thread_blocked, id=14728, stack(0x0000009270c00000,0x0000009270d00000) (1024K)]
  0x000001ed65d8c240 JavaThread "Common-Cleaner"             daemon [_thread_blocked, id=4572, stack(0x0000009270e00000,0x0000009270f00000) (1024K)]
  0x000001ed65ead010 JavaThread "Notification Thread"        daemon [_thread_blocked, id=4036, stack(0x0000009270d00000,0x0000009270e00000) (1024K)]
  0x000001ed67269520 JavaThread "C2 CompilerThread1"         daemon [_thread_in_native, id=5160, stack(0x0000009270f00000,0x0000009271000000) (1024K)]
  0x000001ed672e5cd0 JavaThread "C2 CompilerThread2"         daemon [_thread_in_native, id=7628, stack(0x0000009271000000,0x0000009271100000) (1024K)]
Total: 15

Other Threads:
  0x000001ed0a79e9a0 VMThread "VM Thread"                           [id=12552, stack(0x0000009270200000,0x0000009270300000) (1024K)]
  0x000001ed233fca00 WatcherThread "VM Periodic Task Thread"        [id=29188, stack(0x0000009270100000,0x0000009270200000) (1024K)]
  0x000001ed0ca91820 WorkerThread "GC Thread#0"                     [id=8808, stack(0x0000009270000000,0x0000009270100000) (1024K)]
Total: 3

Threads with active compile tasks:
C2 CompilerThread0  942  759       4       java.util.Collections$UnmodifiableCollection::iterator (9 bytes)
C2 CompilerThread1  943  777 %     4       sun.security.provider.SHA2::implCompress0 @ 27 (448 bytes)
C2 CompilerThread2  943  775       4       java.lang.invoke.VarHandleGuards::guard_LI_I (78 bytes)
Total: 3

VM state: not at safepoint (normal execution)

VM Mutex/Monitor currently owned by a thread: None

Heap address: 0x0000000080000000, size: 2048 MB, Compressed Oops mode: 32-bit

CDS archive(s) mapped at: [0x000001ed24000000-0x000001ed24ba0000-0x000001ed24ba0000), size 12189696, SharedBaseAddress: 0x000001ed24000000, ArchiveRelocationMode: 1.
Compressed class space mapped at: 0x000001ed25000000-0x000001ed65000000, reserved size: 1073741824
Narrow klass base: 0x000001ed24000000, Narrow klass shift: 0, Narrow klass range: 0x100000000

GC Precious Log:
 CardTable entry size: 512
 CPUs: 16 total, 16 available
 Memory: 15791M
 Large Page Support: Disabled
 NUMA Support: Disabled
 Compressed Oops: Enabled (32-bit)
 Alignments: Space 512K, Generation 512K, Heap 2M
 Heap Min Capacity: 100M
 Heap Initial Capacity: 100M
 Heap Max Capacity: 2G
 Pre-touch: Disabled
 Parallel Workers: 13

Heap:
 PSYoungGen      total 29696K, used 16631K [0x00000000d5580000, 0x00000000d7680000, 0x0000000100000000)
  eden space 25600K, 64% used [0x00000000d5580000,0x00000000d65bdd70,0x00000000d6e80000)
  from space 4096K, 0% used [0x00000000d7280000,0x00000000d7280000,0x00000000d7680000)
  to   space 4096K, 0% used [0x00000000d6e80000,0x00000000d6e80000,0x00000000d7280000)
 ParOldGen       total 68608K, used 0K [0x0000000080000000, 0x0000000084300000, 0x00000000d5580000)
  object space 68608K, 0% used [0x0000000080000000,0x0000000080000000,0x0000000084300000)
 Metaspace       used 3038K, committed 3200K, reserved 1114112K
  class space    used 311K, committed 384K, reserved 1048576K

Card table byte_map: [0x000001ed0c440000,0x000001ed0c850000] _byte_map_base: 0x000001ed0c040000

Marking Bits: (ParMarkBitMap*) 0x00007ffa653c2460
 Begin Bits: [0x000001ed1ef20000, 0x000001ed20f20000)
 End Bits:   [0x000001ed20f20000, 0x000001ed22f20000)

Polling page: 0x000001ed0c230000

Metaspace:

Usage:
  Non-class:      2.66 MB used.
      Class:    311.36 KB used.
       Both:      2.97 MB used.

Virtual space:
  Non-class space:       64.00 MB reserved,       2.75 MB (  4%) committed,  1 nodes.
      Class space:        1.00 GB reserved,     384.00 KB ( <1%) committed,  1 nodes.
             Both:        1.06 GB reserved,       3.12 MB ( <1%) committed. 

Chunk freelists:
   Non-Class:  11.57 MB
       Class:  15.66 MB
        Both:  27.23 MB

MaxMetaspaceSize: unlimited
CompressedClassSpaceSize: 1.00 GB
Initial GC threshold: 21.00 MB
Current GC threshold: 21.00 MB
CDS: on
 - commit_granule_bytes: 65536.
 - commit_granule_words: 8192.
 - virtual_space_node_default_size: 8388608.
 - enlarge_chunks_in_place: 1.
 - use_allocation_guard: 0.


Internal statistics:

num_allocs_failed_limit: 0.
num_arena_births: 84.
num_arena_deaths: 0.
num_vsnodes_births: 2.
num_vsnodes_deaths: 0.
num_space_committed: 50.
num_space_uncommitted: 0.
num_chunks_returned_to_freelist: 0.
num_chunks_taken_from_freelist: 112.
num_chunk_merges: 0.
num_chunk_splits: 77.
num_chunks_enlarged: 48.
num_inconsistent_stats: 0.

CodeHeap 'non-profiled nmethods': size=119168Kb used=288Kb max_used=288Kb free=118879Kb
 bounds [0x000001ed17810000, 0x000001ed17a80000, 0x000001ed1ec70000]
CodeHeap 'profiled nmethods': size=119104Kb used=1196Kb max_used=1196Kb free=117907Kb
 bounds [0x000001ed0fc70000, 0x000001ed0fee0000, 0x000001ed170c0000]
CodeHeap 'non-nmethods': size=7488Kb used=2311Kb max_used=2330Kb free=5176Kb
 bounds [0x000001ed170c0000, 0x000001ed17330000, 0x000001ed17810000]
CodeCache: size=245760Kb, used=3795Kb, max_used=3814Kb, free=241962Kb
 total_blobs=1226, nmethods=781, adapters=350, full_count=0
Compilation: enabled, stopped_count=0, restarted_count=0

Compilation events (20 events):
Event: 0.888 Thread 0x000001ed65c03ee0  767       1       java.security.Provider$Service::getClassName (5 bytes)
Event: 0.888 Thread 0x000001ed65c03ee0 nmethod 767 0x000001ed17854390 code [0x000001ed17854520, 0x000001ed178545e8]
Event: 0.890 Thread 0x000001ed65c03ee0  769       3       sun.security.provider.SHA2::implCompress0 (448 bytes)
Event: 0.892 Thread 0x000001ed65c03ee0 nmethod 769 0x000001ed0fd8ea10 code [0x000001ed0fd8ec60, 0x000001ed0fd8f810]
Event: 0.893 Thread 0x000001ed65c03ee0  771       3       sun.security.provider.ByteArrayAccess::b2iBig64 (231 bytes)
Event: 0.893 Thread 0x000001ed65b476f0  772       3       sun.security.provider.SHA2::implCompress (13 bytes)
Event: 0.893 Thread 0x000001ed65bd36f0  773       3       sun.security.provider.SHA2::implCompressCheck (18 bytes)
Event: 0.894 Thread 0x000001ed65b476f0 nmethod 772 0x000001ed0fd8ff10 code [0x000001ed0fd90100, 0x000001ed0fd90538]
Event: 0.894 Thread 0x000001ed65bd36f0 nmethod 773 0x000001ed0fd90790 code [0x000001ed0fd90960, 0x000001ed0fd90cf0]
Event: 0.898 Thread 0x000001ed65b46960 nmethod 758 0x000001ed17854f90 code [0x000001ed17855180, 0x000001ed17855770]
Event: 0.898 Thread 0x000001ed65b46960  762       4       java.util.HashMap::putVal (300 bytes)
Event: 0.901 Thread 0x000001ed65c03ee0 nmethod 771 0x000001ed0fd90e90 code [0x000001ed0fd916e0, 0x000001ed0fd96270]
Event: 0.911 Thread 0x000001ed65b476f0  779       3       java.lang.ClassLoader::findLoadedClass (15 bytes)
Event: 0.911 Thread 0x000001ed65b476f0 nmethod 779 0x000001ed0fd97710 code [0x000001ed0fd978e0, 0x000001ed0fd97ac8]
Event: 0.912 Thread 0x000001ed65bd36f0  780       3       java.util.Arrays::copyOf (10 bytes)
Event: 0.912 Thread 0x000001ed65bd36f0 nmethod 780 0x000001ed0fd97b90 code [0x000001ed0fd97d40, 0x000001ed0fd97e90]
Event: 0.917 Thread 0x000001ed65b46960 nmethod 762 0x000001ed17856110 code [0x000001ed17856360, 0x000001ed17856dc8]
Event: 0.917 Thread 0x000001ed65b46960  759       4       java.util.Collections$UnmodifiableCollection::iterator (9 bytes)
Event: 0.918 Thread 0x000001ed65bd36f0  783       1       jdk.internal.loader.BuiltinClassLoader$LoadedModule::loader (5 bytes)
Event: 0.918 Thread 0x000001ed65bd36f0 nmethod 783 0x000001ed17857890 code [0x000001ed17857a20, 0x000001ed17857ae8]

GC Heap History (0 events):
No events

Dll operation events (8 events):
Event: 0.012 Loaded shared library c:\Users\ASUS\.vscode\extensions\redhat.java-1.51.0-win32-x64\jre\21.0.9-win32-x86_64\bin\java.dll
Event: 0.108 Loaded shared library c:\Users\ASUS\.vscode\extensions\redhat.java-1.51.0-win32-x64\jre\21.0.9-win32-x86_64\bin\zip.dll
Event: 0.141 Loaded shared library C:\Users\ASUS\.vscode\extensions\redhat.java-1.51.0-win32-x64\jre\21.0.9-win32-x86_64\bin\instrument.dll
Event: 0.223 Loaded shared library C:\Users\ASUS\.vscode\extensions\redhat.java-1.51.0-win32-x64\jre\21.0.9-win32-x86_64\bin\net.dll
Event: 0.282 Loaded shared library C:\Users\ASUS\.vscode\extensions\redhat.java-1.51.0-win32-x64\jre\21.0.9-win32-x86_64\bin\nio.dll
Event: 0.288 Loaded shared library C:\Users\ASUS\.vscode\extensions\redhat.java-1.51.0-win32-x64\jre\21.0.9-win32-x86_64\bin\zip.dll
Event: 0.326 Loaded shared library C:\Users\ASUS\.vscode\extensions\redhat.java-1.51.0-win32-x64\jre\21.0.9-win32-x86_64\bin\jimage.dll
Event: 0.541 Loaded shared library c:\Users\ASUS\.vscode\extensions\redhat.java-1.51.0-win32-x64\jre\21.0.9-win32-x86_64\bin\verify.dll

Deoptimization events (20 events):
Event: 0.875 Thread 0x000001ed0ca736e0 DEOPT PACKING pc=0x000001ed0fd78a84 sp=0x000000926fffd550
Event: 0.875 Thread 0x000001ed0ca736e0 DEOPT UNPACKING pc=0x000001ed17114242 sp=0x000000926fffc9a8 mode 0
Event: 0.875 Thread 0x000001ed0ca736e0 DEOPT PACKING pc=0x000001ed0fd78a84 sp=0x000000926fffd5e0
Event: 0.875 Thread 0x000001ed0ca736e0 DEOPT UNPACKING pc=0x000001ed17114242 sp=0x000000926fffca38 mode 0
Event: 0.875 Thread 0x000001ed0ca736e0 DEOPT PACKING pc=0x000001ed0fd78a84 sp=0x000000926fffd5e0
Event: 0.875 Thread 0x000001ed0ca736e0 DEOPT UNPACKING pc=0x000001ed17114242 sp=0x000000926fffca38 mode 0
Event: 0.876 Thread 0x000001ed0ca736e0 DEOPT PACKING pc=0x000001ed0fd78a84 sp=0x000000926fffd550
Event: 0.876 Thread 0x000001ed0ca736e0 DEOPT UNPACKING pc=0x000001ed17114242 sp=0x000000926fffc9a8 mode 0
Event: 0.876 Thread 0x000001ed0ca736e0 DEOPT PACKING pc=0x000001ed0fd78a84 sp=0x000000926fffd5e0
Event: 0.876 Thread 0x000001ed0ca736e0 DEOPT UNPACKING pc=0x000001ed17114242 sp=0x000000926fffca38 mode 0
Event: 0.876 Thread 0x000001ed0ca736e0 DEOPT PACKING pc=0x000001ed0fd78a84 sp=0x000000926fffd5e0
Event: 0.876 Thread 0x000001ed0ca736e0 DEOPT UNPACKING pc=0x000001ed17114242 sp=0x000000926fffca38 mode 0
Event: 0.877 Thread 0x000001ed0ca736e0 DEOPT PACKING pc=0x000001ed0fd78a84 sp=0x000000926fffd5d0
Event: 0.877 Thread 0x000001ed0ca736e0 DEOPT UNPACKING pc=0x000001ed17114242 sp=0x000000926fffca28 mode 0
Event: 0.877 Thread 0x000001ed0ca736e0 DEOPT PACKING pc=0x000001ed0fd78a84 sp=0x000000926fffd5d0
Event: 0.877 Thread 0x000001ed0ca736e0 DEOPT UNPACKING pc=0x000001ed17114242 sp=0x000000926fffca28 mode 0
Event: 0.877 Thread 0x000001ed0ca736e0 DEOPT PACKING pc=0x000001ed0fd78a84 sp=0x000000926fffd6f0
Event: 0.877 Thread 0x000001ed0ca736e0 DEOPT UNPACKING pc=0x000001ed17114242 sp=0x000000926fffcb48 mode 0
Event: 0.877 Thread 0x000001ed0ca736e0 DEOPT PACKING pc=0x000001ed0fd78a84 sp=0x000000926fffd6f0
Event: 0.877 Thread 0x000001ed0ca736e0 DEOPT UNPACKING pc=0x000001ed17114242 sp=0x000000926fffcb48 mode 0

Classes loaded (20 events):
Event: 0.906 Loading class java/lang/NumberFormatException done
Event: 0.906 Loading class java/net/URISyntaxException
Event: 0.907 Loading class java/net/URISyntaxException done
Event: 0.910 Loading class java/lang/SecurityException
Event: 0.910 Loading class java/lang/SecurityException done
Event: 0.911 Loading class java/security/Policy
Event: 0.911 Loading class java/security/Policy done
Event: 0.914 Loading class java/nio/file/attribute/PosixFilePermissions
Event: 0.914 Loading class java/nio/file/attribute/PosixFilePermissions done
Event: 0.914 Loading class java/nio/file/attribute/PosixFilePermission
Event: 0.914 Loading class java/nio/file/attribute/PosixFilePermission done
Event: 0.915 Loading class java/lang/Thread$ThreadNumbering
Event: 0.915 Loading class java/lang/Thread$ThreadNumbering done
Event: 0.919 Loading class java/net/URL$ThreadTrackHolder
Event: 0.919 Loading class java/net/URL$ThreadTrackHolder done
Event: 0.919 Loading class java/net/URL$2
Event: 0.919 Loading class java/net/URL$2 done
Event: 0.919 Loading class java/net/URL$1
Event: 0.919 Loading class java/net/URL$1 done
Event: 0.919 Loading class java/net/spi/URLStreamHandlerProvider

Classes unloaded (0 events):
No events

Classes redefined (0 events):
No events

Internal exceptions (13 events):
Event: 0.102 Thread 0x000001ed0ca736e0 Exception <a 'java/lang/NoSuchMethodError'{0x00000000d5829ee8}: 'void java.lang.invoke.DirectMethodHandle$Holder.invokeStatic(java.lang.Object, java.lang.Object, java.lang.Object)'> (0x00000000d5829ee8) 
thrown [s\src\hotspot\share\interpreter\linkResolver.cpp, line 773]
Event: 0.311 Thread 0x000001ed0ca736e0 Exception <a 'java/lang/NoSuchMethodError'{0x00000000d5a13940}: 'java.lang.Object java.lang.invoke.Invokers$Holder.invokeExact_MT(java.lang.Object, java.lang.Object, java.lang.Object, java.lang.Object, java.lang.Object)'> (0x00000000d5a13940) 
thrown [s\src\hotspot\share\interpreter\linkResolver.cpp, line 773]
Event: 0.383 Thread 0x000001ed0ca736e0 Exception <a 'java/lang/NoSuchMethodError'{0x00000000d5acc280}: 'int java.lang.invoke.DirectMethodHandle$Holder.invokeSpecial(java.lang.Object, java.lang.Object, java.lang.Object, int)'> (0x00000000d5acc280) 
thrown [s\src\hotspot\share\interpreter\linkResolver.cpp, line 773]
Event: 0.387 Thread 0x000001ed0ca736e0 Exception <a 'java/lang/NoSuchMethodError'{0x00000000d5adec68}: 'java.lang.Object java.lang.invoke.DirectMethodHandle$Holder.invokeStatic(java.lang.Object, java.lang.Object, java.lang.Object, java.lang.Object, int)'> (0x00000000d5adec68) 
thrown [s\src\hotspot\share\interpreter\linkResolver.cpp, line 773]
Event: 0.394 Thread 0x000001ed0ca736e0 Exception <a 'java/lang/NoSuchMethodError'{0x00000000d5aea130}: 'void java.lang.invoke.DelegatingMethodHandle$Holder.reinvoke_L(java.lang.Object, java.lang.Object, java.lang.Object, int, java.lang.Object)'> (0x00000000d5aea130) 
thrown [s\src\hotspot\share\interpreter\linkResolver.cpp, line 773]
Event: 0.402 Thread 0x000001ed0ca736e0 Exception <a 'java/lang/NoSuchMethodError'{0x00000000d5afac28}: 'int java.lang.invoke.DirectMethodHandle$Holder.invokeSpecial(java.lang.Object, java.lang.Object, java.lang.Object)'> (0x00000000d5afac28) 
thrown [s\src\hotspot\share\interpreter\linkResolver.cpp, line 773]
Event: 0.406 Thread 0x000001ed0ca736e0 Exception <a 'java/lang/NoSuchMethodError'{0x00000000d5b068e8}: 'java.lang.Object java.lang.invoke.DirectMethodHandle$Holder.invokeStatic(java.lang.Object, java.lang.Object, int)'> (0x00000000d5b068e8) 
thrown [s\src\hotspot\share\interpreter\linkResolver.cpp, line 773]
Event: 0.407 Thread 0x000001ed0ca736e0 Exception <a 'java/lang/NoSuchMethodError'{0x00000000d5b0b238}: 'void java.lang.invoke.DirectMethodHandle$Holder.invokeStatic(java.lang.Object, java.lang.Object, int, java.lang.Object)'> (0x00000000d5b0b238) 
thrown [s\src\hotspot\share\interpreter\linkResolver.cpp, line 773]
Event: 0.408 Thread 0x000001ed0ca736e0 Exception <a 'java/lang/NoSuchMethodError'{0x00000000d5b0edc8}: 'void java.lang.invoke.DirectMethodHandle$Holder.invokeSpecial(java.lang.Object, java.lang.Object, java.lang.Object, int, java.lang.Object)'> (0x00000000d5b0edc8) 
thrown [s\src\hotspot\share\interpreter\linkResolver.cpp, line 773]
Event: 0.410 Thread 0x000001ed0ca736e0 Exception <a 'java/lang/NoSuchMethodError'{0x00000000d5b12498}: 'void java.lang.invoke.DelegatingMethodHandle$Holder.delegate(java.lang.Object, java.lang.Object, int, java.lang.Object)'> (0x00000000d5b12498) 
thrown [s\src\hotspot\share\interpreter\linkResolver.cpp, line 773]
Event: 0.584 Thread 0x000001ed0ca736e0 Exception <a 'java/lang/NoSuchMethodError'{0x00000000d5cd1f58}: 'void java.lang.invoke.DelegatingMethodHandle$Holder.reinvoke_L(java.lang.Object, java.lang.Object, java.lang.Object, int)'> (0x00000000d5cd1f58) 
thrown [s\src\hotspot\share\interpreter\linkResolver.cpp, line 773]
Event: 0.771 Thread 0x000001ed0ca736e0 Exception <a 'java/lang/NoSuchMethodError'{0x00000000d615fd98}: 'void java.lang.invoke.DirectMethodHandle$Holder.invokeVirtual(java.lang.Object, java.lang.Object)'> (0x00000000d615fd98) 
thrown [s\src\hotspot\share\interpreter\linkResolver.cpp, line 773]
Event: 0.916 Thread 0x000001ed0ca736e0 Exception <a 'java/lang/NoSuchMethodError'{0x00000000d6546858}: 'void java.lang.invoke.DirectMethodHandle$Holder.invokeStatic(java.lang.Object, java.lang.Object)'> (0x00000000d6546858) 
thrown [s\src\hotspot\share\interpreter\linkResolver.cpp, line 773]

ZGC Phase Switch (0 events):
No events

VM Operations (8 events):
Event: 0.105 Executing VM operation: HandshakeAllThreads (Deoptimize)
Event: 0.105 Executing VM operation: HandshakeAllThreads (Deoptimize) done
Event: 0.350 Executing VM operation: HandshakeAllThreads (Deoptimize)
Event: 0.350 Executing VM operation: HandshakeAllThreads (Deoptimize) done
Event: 0.883 Executing VM operation: HandshakeAllThreads (Deoptimize)
Event: 0.883 Executing VM operation: HandshakeAllThreads (Deoptimize) done
Event: 0.910 Executing VM operation: HandshakeAllThreads (Deoptimize)
Event: 0.910 Executing VM operation: HandshakeAllThreads (Deoptimize) done

Memory protections (0 events):
No events

Nmethod flushes (0 events):
No events

Events (19 events):
Event: 0.030 Thread 0x000001ed0ca736e0 Thread added: 0x000001ed0ca736e0
Event: 0.061 Thread 0x000001ed0ca736e0 Thread added: 0x000001ed2351e3b0
Event: 0.061 Thread 0x000001ed0ca736e0 Thread added: 0x000001ed65b34ce0
Event: 0.062 Thread 0x000001ed0ca736e0 Thread added: 0x000001ed65b37f90
Event: 0.062 Thread 0x000001ed0ca736e0 Thread added: 0x000001ed65b38ea0
Event: 0.062 Thread 0x000001ed0ca736e0 Thread added: 0x000001ed65b3e0b0
Event: 0.062 Thread 0x000001ed0ca736e0 Thread added: 0x000001ed65b457b0
Event: 0.063 Thread 0x000001ed0ca736e0 Thread added: 0x000001ed65b46960
Event: 0.063 Thread 0x000001ed0ca736e0 Thread added: 0x000001ed65b476f0
Event: 0.069 Thread 0x000001ed65b476f0 Thread added: 0x000001ed65bd36f0
Event: 0.070 Thread 0x000001ed65b476f0 Thread added: 0x000001ed65c03ee0
Event: 0.115 Thread 0x000001ed65b46960 Thread added: 0x000001ed65ccff40
Event: 0.145 Thread 0x000001ed0ca736e0 Thread added: 0x000001ed65d8c240
Event: 0.291 Thread 0x000001ed65ccff40 Thread exited: 0x000001ed65ccff40
Event: 0.445 Thread 0x000001ed65b476f0 Thread added: 0x000001ed65ea0d40
Event: 0.561 Thread 0x000001ed65ea0d40 Thread exited: 0x000001ed65ea0d40
Event: 0.667 Thread 0x000001ed0ca736e0 Thread added: 0x000001ed65ead010
Event: 0.801 Thread 0x000001ed65b46960 Thread added: 0x000001ed67269520
Event: 0.806 Thread 0x000001ed65c03ee0 Thread added: 0x000001ed672e5cd0


Dynamic libraries:
0x00007ff66a000000 - 0x00007ff66a00e000 	c:\Users\ASUS\.vscode\extensions\redhat.java-1.51.0-win32-x64\jre\21.0.9-win32-x86_64\bin\java.exe
0x00007ffaef1d0000 - 0x00007ffaef3e8000 	C:\WINDOWS\SYSTEM32\ntdll.dll
0x00007ffaed7f0000 - 0x00007ffaed8b4000 	C:\WINDOWS\System32\KERNEL32.DLL
0x00007ffaec6e0000 - 0x00007ffaecab3000 	C:\WINDOWS\System32\KERNELBASE.dll
0x00007ffaec540000 - 0x00007ffaec651000 	C:\WINDOWS\System32\ucrtbase.dll
0x00007ffabf7a0000 - 0x00007ffabf7b8000 	c:\Users\ASUS\.vscode\extensions\redhat.java-1.51.0-win32-x64\jre\21.0.9-win32-x86_64\bin\jli.dll
0x00007ffabdf60000 - 0x00007ffabdf7e000 	c:\Users\ASUS\.vscode\extensions\redhat.java-1.51.0-win32-x64\jre\21.0.9-win32-x86_64\bin\VCRUNTIME140.dll
0x00007ffaece70000 - 0x00007ffaed022000 	C:\WINDOWS\System32\USER32.dll
0x00007ffaec3a0000 - 0x00007ffaec3c6000 	C:\WINDOWS\System32\win32u.dll
0x00007ffad7ec0000 - 0x00007ffad815c000 	C:\WINDOWS\WinSxS\amd64_microsoft.windows.common-controls_6595b64144ccf1df_6.0.22621.6060_none_2712eda17382d24b\COMCTL32.dll
0x00007ffaef120000 - 0x00007ffaef149000 	C:\WINDOWS\System32\GDI32.dll
0x00007ffaee490000 - 0x00007ffaee537000 	C:\WINDOWS\System32\msvcrt.dll
0x00007ffaecc00000 - 0x00007ffaecd1b000 	C:\WINDOWS\System32\gdi32full.dll
0x00007ffaecdd0000 - 0x00007ffaece6a000 	C:\WINDOWS\System32\msvcp_win.dll
0x00007ffaef150000 - 0x00007ffaef181000 	C:\WINDOWS\System32\IMM32.DLL
0x00007ffac8230000 - 0x00007ffac823c000 	c:\Users\ASUS\.vscode\extensions\redhat.java-1.51.0-win32-x64\jre\21.0.9-win32-x86_64\bin\vcruntime140_1.dll
0x00007ffab0240000 - 0x00007ffab02cd000 	c:\Users\ASUS\.vscode\extensions\redhat.java-1.51.0-win32-x64\jre\21.0.9-win32-x86_64\bin\msvcp140.dll
0x00007ffa64700000 - 0x00007ffa654a0000 	c:\Users\ASUS\.vscode\extensions\redhat.java-1.51.0-win32-x64\jre\21.0.9-win32-x86_64\bin\server\jvm.dll
0x00007ffaed8c0000 - 0x00007ffaed971000 	C:\WINDOWS\System32\ADVAPI32.dll
0x00007ffaed9d0000 - 0x00007ffaeda78000 	C:\WINDOWS\System32\sechost.dll
0x00007ffaecd20000 - 0x00007ffaecd48000 	C:\WINDOWS\System32\bcrypt.dll
0x00007ffaeeb40000 - 0x00007ffaeec58000 	C:\WINDOWS\System32\RPCRT4.dll
0x00007ffaed5c0000 - 0x00007ffaed631000 	C:\WINDOWS\System32\WS2_32.dll
0x00007ffaeb780000 - 0x00007ffaeb7cd000 	C:\WINDOWS\SYSTEM32\POWRPROF.dll
0x00007ffae69a0000 - 0x00007ffae69aa000 	C:\WINDOWS\SYSTEM32\VERSION.dll
0x00007ffae6fa0000 - 0x00007ffae6fd4000 	C:\WINDOWS\SYSTEM32\WINMM.dll
0x00007ffaeb740000 - 0x00007ffaeb753000 	C:\WINDOWS\SYSTEM32\UMPDC.dll
0x00007ffaeb300000 - 0x00007ffaeb318000 	C:\WINDOWS\SYSTEM32\kernel.appcore.dll
0x00007ffac7b00000 - 0x00007ffac7b0a000 	c:\Users\ASUS\.vscode\extensions\redhat.java-1.51.0-win32-x64\jre\21.0.9-win32-x86_64\bin\jimage.dll
0x00007ffae9b90000 - 0x00007ffae9dc3000 	C:\WINDOWS\SYSTEM32\DBGHELP.DLL
0x00007ffaee540000 - 0x00007ffaee8d1000 	C:\WINDOWS\System32\combase.dll
0x00007ffaee8e0000 - 0x00007ffaee9b8000 	C:\WINDOWS\System32\OLEAUT32.dll
0x00007ffadf250000 - 0x00007ffadf282000 	C:\WINDOWS\SYSTEM32\dbgcore.DLL
0x00007ffaecd50000 - 0x00007ffaecdcb000 	C:\WINDOWS\System32\bcryptPrimitives.dll
0x00007ffac70a0000 - 0x00007ffac70af000 	c:\Users\ASUS\.vscode\extensions\redhat.java-1.51.0-win32-x64\jre\21.0.9-win32-x86_64\bin\instrument.dll
0x00007ffabc720000 - 0x00007ffabc740000 	c:\Users\ASUS\.vscode\extensions\redhat.java-1.51.0-win32-x64\jre\21.0.9-win32-x86_64\bin\java.dll
0x00007ffaedbb0000 - 0x00007ffaee44c000 	C:\WINDOWS\System32\SHELL32.dll
0x00007ffaecac0000 - 0x00007ffaecbff000 	C:\WINDOWS\System32\wintypes.dll
0x00007ffaea190000 - 0x00007ffaeaaaa000 	C:\WINDOWS\SYSTEM32\windows.storage.dll
0x00007ffaeea30000 - 0x00007ffaeeb34000 	C:\WINDOWS\System32\SHCORE.dll
0x00007ffaeec60000 - 0x00007ffaeecc9000 	C:\WINDOWS\System32\shlwapi.dll
0x00007ffaec210000 - 0x00007ffaec235000 	C:\WINDOWS\SYSTEM32\profapi.dll
0x00007ffab7340000 - 0x00007ffab7358000 	c:\Users\ASUS\.vscode\extensions\redhat.java-1.51.0-win32-x64\jre\21.0.9-win32-x86_64\bin\zip.dll
0x00007ffac64b0000 - 0x00007ffac64c0000 	C:\Users\ASUS\.vscode\extensions\redhat.java-1.51.0-win32-x64\jre\21.0.9-win32-x86_64\bin\net.dll
0x00007ffae7e90000 - 0x00007ffae7fbc000 	C:\WINDOWS\SYSTEM32\WINHTTP.dll
0x00007ffaeb870000 - 0x00007ffaeb8d9000 	C:\WINDOWS\system32\mswsock.dll
0x00007ffab7320000 - 0x00007ffab7336000 	C:\Users\ASUS\.vscode\extensions\redhat.java-1.51.0-win32-x64\jre\21.0.9-win32-x86_64\bin\nio.dll
0x00007ffac4050000 - 0x00007ffac4060000 	c:\Users\ASUS\.vscode\extensions\redhat.java-1.51.0-win32-x64\jre\21.0.9-win32-x86_64\bin\verify.dll

JVMTI agents:
c:\Users\ASUS\.vscode\extensions\redhat.java-1.51.0-win32-x64\lombok\lombok-1.18.39-4050.jar path:c:\Users\ASUS\.vscode\extensions\redhat.java-1.51.0-win32-x64\jre\21.0.9-win32-x86_64\bin\instrument.dll, loaded, initialized, instrumentlib options:none

dbghelp: loaded successfully - version: 4.0.5 - missing functions: none
symbol engine: initialized successfully - sym options: 0x614 - pdb path: .;c:\Users\ASUS\.vscode\extensions\redhat.java-1.51.0-win32-x64\jre\21.0.9-win32-x86_64\bin;C:\WINDOWS\SYSTEM32;C:\WINDOWS\WinSxS\amd64_microsoft.windows.common-controls_6595b64144ccf1df_6.0.22621.6060_none_2712eda17382d24b;c:\Users\ASUS\.vscode\extensions\redhat.java-1.51.0-win32-x64\jre\21.0.9-win32-x86_64\bin\server

VM Arguments:
jvm_args: --add-modules=ALL-SYSTEM --add-opens=java.base/java.util=ALL-UNNAMED --add-opens=java.base/java.lang=ALL-UNNAMED --add-opens=java.base/sun.nio.fs=ALL-UNNAMED -Declipse.application=org.eclipse.jdt.ls.core.id1 -Dosgi.bundles.defaultStartLevel=4 -Declipse.product=org.eclipse.jdt.ls.core.product -Djava.import.generatesMetadataFilesAtProjectRoot=false -DDetectVMInstallationsJob.disabled=true -Dfile.encoding=utf8 -XX:+UseParallelGC -XX:GCTimeRatio=4 -XX:AdaptiveSizePolicyWeight=90 -Dsun.zip.disableMemoryMapping=true -Xmx2G -Xms100m -Xlog:disable -javaagent:c:\Users\ASUS\.vscode\extensions\redhat.java-1.51.0-win32-x64\lombok\lombok-1.18.39-4050.jar 
java_command: c:\Users\ASUS\.vscode\extensions\redhat.java-1.51.0-win32-x64\server\plugins\org.eclipse.equinox.launcher_1.7.100.v20251111-0406.jar -configuration c:\Users\ASUS\AppData\Roaming\Code\User\globalStorage\redhat.java\1.51.0\config_ss_win -data c:\Users\ASUS\AppData\Roaming\Code\User\workspaceStorage\166bf113e32e19625b1ac24cdc04515d\redhat.java\ss_ws --pipe=\\.\pipe\lsp-8cf6b341d7a6871177d2d49377848576-sock
java_class_path (initial): c:\Users\ASUS\.vscode\extensions\redhat.java-1.51.0-win32-x64\server\plugins\org.eclipse.equinox.launcher_1.7.100.v20251111-0406.jar
Launcher Type: SUN_STANDARD

[Global flags]
    uintx AdaptiveSizePolicyWeight                 = 90                                        {product} {command line}
     intx CICompilerCount                          = 12                                        {product} {ergonomic}
    uintx GCTimeRatio                              = 4                                         {product} {command line}
   size_t InitialHeapSize                          = 104857600                                 {product} {command line}
   size_t MaxHeapSize                              = 2147483648                                {product} {command line}
   size_t MaxNewSize                               = 715653120                                 {product} {ergonomic}
   size_t MinHeapDeltaBytes                        = 524288                                    {product} {ergonomic}
   size_t MinHeapSize                              = 104857600                                 {product} {command line}
   size_t NewSize                                  = 34603008                                  {product} {ergonomic}
    uintx NonNMethodCodeHeapSize                   = 7602480                                {pd product} {ergonomic}
    uintx NonProfiledCodeHeapSize                  = 122027880                              {pd product} {ergonomic}
   size_t OldSize                                  = 70254592                                  {product} {ergonomic}
    uintx ProfiledCodeHeapSize                     = 122027880                              {pd product} {ergonomic}
    uintx ReservedCodeCacheSize                    = 251658240                              {pd product} {ergonomic}
     bool SegmentedCodeCache                       = true                                      {product} {ergonomic}
   size_t SoftMaxHeapSize                          = 2147483648                             {manageable} {ergonomic}
     bool UseCompressedOops                        = true                           {product lp64_product} {ergonomic}
     bool UseLargePagesIndividualAllocation        = false                                  {pd product} {ergonomic}
     bool UseParallelGC                            = true                                      {product} {command line}

Logging:
Log output configuration:
 #0: stdout all=off uptime,level,tags foldmultilines=false
 #1: stderr all=off uptime,level,tags foldmultilines=false

Release file:
JAVA_VERSION="21.0.9" 
MODULES="java.base java.compiler java.datatransfer java.xml java.prefs java.desktop java.instrument java.logging java.management java.security.sasl java.naming java.rmi java.management.rmi java.net.http java.scripting java.security.jgss java.transaction.xa java.sql java.sql.rowset java.xml.crypto java.se java.smartcardio jdk.accessibility jdk.internal.jvmstat jdk.attach jdk.charsets jdk.internal.opt jdk.zipfs jdk.compiler jdk.crypto.ec jdk.crypto.cryptoki jdk.crypto.mscapi jdk.dynalink jdk.internal.ed jdk.editpad jdk.hotspot.agent jdk.httpserver jdk.internal.le jdk.internal.vm.ci jdk.internal.vm.compiler jdk.internal.vm.compiler.management jdk.jartool jdk.javadoc jdk.jcmd jdk.management jdk.management.agent jdk.jconsole jdk.jdeps jdk.jdwp.agent jdk.jdi jdk.jfr jdk.jshell jdk.jsobject jdk.jstatd jdk.localedata jdk.management.jfr jdk.naming.dns jdk.naming.rmi jdk.net jdk.nio.mapmode jdk.random jdk.sctp jdk.security.auth jdk.security.jgss jdk.unsupported jdk.unsupported.desktop jdk.xml.dom" 

Environment Variables:
JAVA_HOME=C:\Program Files\Eclipse Adoptium\jdk-17.0.16.8-hotspot
CLASSPATH=.;
PATH=C:\Program Files\Eclipse Adoptium\jdk-17.0.16.8-hotspot\bin;C:\Program Files\Common Files\Oracle\Java\javapath;C:\Program Files\Python312\Scripts\;C:\Program Files\Python312\;C:\WINDOWS\system32;C:\WINDOWS;C:\WINDOWS\System32\Wbem;C:\WINDOWS\System32\WindowsPowerShell\v1.0\;C:\WINDOWS\System32\OpenSSH\;C:\Program Files\Git\cmd;C:\Program Files\MySQL\MySQL Server 8.0\bin;C:\ProgramData\chocolatey\bin;C:\Program Files\nodejs\;C:\Users\ASUS\Documents\ERBuilder\tesseract.exe;C:\Program Files\Tesseract-OCR;C:\ProgramData\chocolatey\lib\maven\apache-maven-3.9.9\bin;C:\Program Files\Apache\Maven\bin;C:\Program Files\Java\jdk1.8.0_211\bin;C:\Program Files\Eclipse Adoptium\jdk-17.0.16.8-hotspot\bin;C:\Program Files\Docker\Docker\resources\bin;C:\Program Files\Go\bin;C:\Users\ASUS\AppData\Local\Programs\Python\Python314\Scripts\;C:\Users\ASUS\AppData\Local\Programs\Python\Python314\;C:\Program Files\Common Files\Oracle\Java\javapath;C:\Program Files\Python312\Scripts\;C:\Program Files\Python312\;C:\WINDOWS\system32;C:\WINDOWS;C:\WINDOWS\System32\Wbem;C:\WINDOWS\System32\WindowsPowerShell\v1.0\;C:\WINDOWS\System32\OpenSSH\;C:\Program Files\Git\cmd;C:\Program Files\MySQL\MySQL Server 8.0\bin;C:\ProgramData\chocolatey\bin;C:\Program Files\nodejs\;C:\Users\ASUS\Documents\ERBuilder\tesseract.exe;C:\Program Files\Tesseract-OCR;;C:\Program Files\Docker\Docker\resources\bin;C:\Users\ASUS\AppData\Local\Programs\Python\Python313\Scripts\;C:\Users\ASUS\AppData\Local\Programs\Python\Python313\;C:\Program Files\MySQL\MySQL Shell 8.0\bin\;C:\Users\ASUS\AppData\Local\Microsoft\WindowsApps;C:\Users\ASUS\AppData\Local\Programs\Microsoft VS Code\bin;C:\Program Files\JetBrains\IntelliJ IDEA 2024.2\bin;C:\Users\ASUS\Downloads\jdk-8u421-windows-i586.exe\bin;C:\Users\ASUS\Downloads\jdk-8u421-windows-x64.exe\bin;C:\Users\ASUS\AppData\Roaming\Python\Python312\Scripts;C:\Users\ASUS\AppData\Roaming\npm;C:\Program;C:\Users\ASUS\go\bin;C:\Users\ASUS\AppData\Local\Python\bin
USERNAME=ASUS
OS=Windows_NT
PROCESSOR_IDENTIFIER=AMD64 Family 23 Model 96 Stepping 1, AuthenticAMD
TMP=C:\Users\ASUS\AppData\Local\Temp
TEMP=C:\Users\ASUS\AppData\Local\Temp




Periodic native trim disabled

---------------  S Y S T E M  ---------------

OS:
 Windows 11 , 64 bit Build 22621 (10.0.22621.5415)
OS uptime: 3 days 3:04 hours
Hyper-V role detected

CPU: total 16 (initial active 16) (16 cores per cpu, 2 threads per core) family 23 model 96 stepping 1 microcode 0x0, cx8, cmov, fxsr, ht, mmx, 3dnowpref, sse, sse2, sse3, ssse3, sse4a, sse4.1, sse4.2, popcnt, lzcnt, tsc, tscinvbit, avx, avx2, aes, clmul, bmi1, bmi2, adx, sha, fma, vzeroupper, clflush, clflushopt, hv, rdtscp, rdpid, f16c
Processor Information for the first 16 processors :
  Max Mhz: 2901, Current Mhz: 2901, Mhz Limit: 2901

Memory: 4k page, system-wide physical 15791M (2126M free)
TotalPageFile size 33453M (AvailPageFile size 5M)
current process WorkingSet (physical memory assigned to process): 63M, peak: 65M
current process commit charge ("private bytes"): 249M, peak: 251M

vm_info: OpenJDK 64-Bit Server VM (21.0.9+10-LTS) for windows-amd64 JRE (21.0.9+10-LTS), built on 2025-10-21T00:00:00Z by "admin" with unknown MS VC++:1942

END.
